{"/Users/o_yutthapichai.c/Documents/fwd-test/server/src/index.ts": {"path":"/Users/o_yutthapichai.c/Documents/fwd-test/server/src/index.ts","statementMap":{"0":{"start":{"line":1,"column":0},"end":{"line":1,"column":30}},"1":{"start":{"line":2,"column":0},"end":{"line":2,"column":24}},"2":{"start":{"line":3,"column":0},"end":{"line":3,"column":28}},"3":{"start":{"line":4,"column":0},"end":{"line":4,"column":39}},"4":{"start":{"line":6,"column":13},"end":{"line":6,"column":37}},"5":{"start":{"line":7,"column":20},"end":{"line":7,"column":51}},"6":{"start":{"line":9,"column":12},"end":{"line":9,"column":21}},"7":{"start":{"line":10,"column":0},"end":{"line":10,"column":24}},"8":{"start":{"line":12,"column":0},"end":{"line":12,"column":18}},"9":{"start":{"line":13,"column":0},"end":{"line":15,"column":4}},"10":{"start":{"line":17,"column":0},"end":{"line":17,"column":34}},"11":{"start":{"line":19,"column":0},"end":{"line":21,"column":3}},"12":{"start":{"line":20,"column":2},"end":{"line":20,"column":78}},"13":{"start":{"line":23,"column":0},"end":{"line":23,"column":19}}},"fnMap":{"0":{"name":"(anonymous_1)","decl":{"start":{"line":19,"column":17},"end":{"line":19,"column":20}},"loc":{"start":{"line":19,"column":22},"end":{"line":21,"column":1}}}},"branchMap":{"0":{"loc":{"start":{"line":6,"column":13},"end":{"line":6,"column":37}},"type":"binary-expr","locations":[{"start":{"line":6,"column":13},"end":{"line":6,"column":29}},{"start":{"line":6,"column":33},"end":{"line":6,"column":37}}]},"1":{"loc":{"start":{"line":7,"column":20},"end":{"line":7,"column":51}},"type":"binary-expr","locations":[{"start":{"line":7,"column":20},"end":{"line":7,"column":43}},{"start":{"line":7,"column":47},"end":{"line":7,"column":51}}]}},"s":{"0":1,"1":1,"2":1,"3":1,"4":1,"5":1,"6":1,"7":1,"8":1,"9":1,"10":1,"11":1,"12":1,"13":1},"f":{"0":1},"b":{"0":[1,0],"1":[1,1]}}
,"/Users/o_yutthapichai.c/Documents/fwd-test/server/src/common/prisma/prisma.service.ts": {"path":"/Users/o_yutthapichai.c/Documents/fwd-test/server/src/common/prisma/prisma.service.ts","statementMap":{"0":{"start":{"line":1,"column":0},"end":{"line":1,"column":46}},"1":{"start":{"line":5,"column":4},"end":{"line":5,"column":12}},"2":{"start":{"line":9,"column":4},"end":{"line":9,"column":26}},"3":{"start":{"line":13,"column":4},"end":{"line":13,"column":29}},"4":{"start":{"line":3,"column":0},"end":{"line":3,"column":13}}},"fnMap":{"0":{"name":"(anonymous_7)","decl":{"start":{"line":4,"column":2},"end":{"line":4,"column":null}},"loc":{"start":{"line":4,"column":2},"end":{"line":6,"column":3}}},"1":{"name":"(anonymous_8)","decl":{"start":{"line":8,"column":8},"end":{"line":8,"column":20}},"loc":{"start":{"line":8,"column":20},"end":{"line":10,"column":null}}},"2":{"name":"(anonymous_10)","decl":{"start":{"line":12,"column":8},"end":{"line":12,"column":23}},"loc":{"start":{"line":12,"column":23},"end":{"line":14,"column":null}}}},"branchMap":{},"s":{"0":1,"1":1,"2":0,"3":0,"4":1},"f":{"0":1,"1":0,"2":0},"b":{}}
,"/Users/o_yutthapichai.c/Documents/fwd-test/server/src/routes/api.ts": {"path":"/Users/o_yutthapichai.c/Documents/fwd-test/server/src/routes/api.ts","statementMap":{"0":{"start":{"line":1,"column":0},"end":{"line":1,"column":53}},"1":{"start":{"line":2,"column":13},"end":{"line":2,"column":40}},"2":{"start":{"line":3,"column":0},"end":{"line":3,"column":43}},"3":{"start":{"line":5,"column":0},"end":{"line":5,"column":46}},"4":{"start":{"line":7,"column":0},"end":{"line":7,"column":62}},"5":{"start":{"line":8,"column":0},"end":{"line":8,"column":39}},"6":{"start":{"line":9,"column":16},"end":{"line":15,"column":2}},"7":{"start":{"line":17,"column":24},"end":{"line":17,"column":45}},"8":{"start":{"line":19,"column":0},"end":{"line":27,"column":3}},"9":{"start":{"line":19,"column":63},"end":{"line":27,"column":2}},"10":{"start":{"line":20,"column":37},"end":{"line":20,"column":72}},"11":{"start":{"line":22,"column":2},"end":{"line":25,"column":3}},"12":{"start":{"line":23,"column":4},"end":{"line":23,"column":50}},"13":{"start":{"line":24,"column":4},"end":{"line":24,"column":11}},"14":{"start":{"line":26,"column":2},"end":{"line":26,"column":33}},"15":{"start":{"line":29,"column":0},"end":{"line":51,"column":2}},"16":{"start":{"line":32,"column":40},"end":{"line":50,"column":null}},"17":{"start":{"line":33,"column":4},"end":{"line":49,"column":5}},"18":{"start":{"line":34,"column":18},"end":{"line":35,"column":null}},"19":{"start":{"line":39,"column":8},"end":{"line":39,"column":51}},"20":{"start":{"line":41,"column":6},"end":{"line":44,"column":7}},"21":{"start":{"line":42,"column":8},"end":{"line":42,"column":54}},"22":{"start":{"line":43,"column":8},"end":{"line":43,"column":15}},"23":{"start":{"line":45,"column":6},"end":{"line":45,"column":45}},"24":{"start":{"line":47,"column":6},"end":{"line":47,"column":29}},"25":{"start":{"line":48,"column":6},"end":{"line":48,"column":56}},"26":{"start":{"line":53,"column":0},"end":{"line":62,"column":3}},"27":{"start":{"line":53,"column":69},"end":{"line":62,"column":2}},"28":{"start":{"line":55,"column":4},"end":{"line":55,"column":42}},"29":{"start":{"line":57,"column":2},"end":{"line":60,"column":3}},"30":{"start":{"line":58,"column":4},"end":{"line":58,"column":50}},"31":{"start":{"line":59,"column":4},"end":{"line":59,"column":11}},"32":{"start":{"line":61,"column":2},"end":{"line":61,"column":42}}},"fnMap":{"0":{"name":"(anonymous_8)","decl":{"start":{"line":19,"column":25},"end":{"line":19,"column":32}},"loc":{"start":{"line":19,"column":63},"end":{"line":27,"column":2}}},"1":{"name":"(anonymous_9)","decl":{"start":{"line":19,"column":63},"end":{"line":19,"column":null}},"loc":{"start":{"line":19,"column":63},"end":{"line":27,"column":1}}},"2":{"name":"(anonymous_10)","decl":{"start":{"line":32,"column":2},"end":{"line":32,"column":9}},"loc":{"start":{"line":32,"column":40},"end":{"line":50,"column":null}}},"3":{"name":"(anonymous_11)","decl":{"start":{"line":32,"column":40},"end":{"line":32,"column":null}},"loc":{"start":{"line":32,"column":40},"end":{"line":50,"column":3}}},"4":{"name":"(anonymous_12)","decl":{"start":{"line":53,"column":31},"end":{"line":53,"column":38}},"loc":{"start":{"line":53,"column":69},"end":{"line":62,"column":2}}},"5":{"name":"(anonymous_13)","decl":{"start":{"line":53,"column":69},"end":{"line":53,"column":null}},"loc":{"start":{"line":53,"column":69},"end":{"line":62,"column":1}}}},"branchMap":{"0":{"loc":{"start":{"line":22,"column":2},"end":{"line":25,"column":3}},"type":"if","locations":[{"start":{"line":22,"column":2},"end":{"line":25,"column":3}}]},"1":{"loc":{"start":{"line":41,"column":6},"end":{"line":44,"column":7}},"type":"if","locations":[{"start":{"line":41,"column":6},"end":{"line":44,"column":7}}]},"2":{"loc":{"start":{"line":57,"column":2},"end":{"line":60,"column":3}},"type":"if","locations":[{"start":{"line":57,"column":2},"end":{"line":60,"column":3}}]}},"s":{"0":1,"1":1,"2":1,"3":1,"4":1,"5":1,"6":1,"7":1,"8":1,"9":1,"10":1,"11":1,"12":0,"13":0,"14":1,"15":1,"16":1,"17":1,"18":1,"19":1,"20":1,"21":0,"22":0,"23":1,"24":0,"25":0,"26":1,"27":1,"28":1,"29":1,"30":0,"31":0,"32":1},"f":{"0":1,"1":1,"2":1,"3":1,"4":1,"5":1},"b":{"0":[0],"1":[0],"2":[0]}}
,"/Users/o_yutthapichai.c/Documents/fwd-test/server/src/schema/index.ts": {"path":"/Users/o_yutthapichai.c/Documents/fwd-test/server/src/schema/index.ts","statementMap":{"0":{"start":{"line":1,"column":0},"end":{"line":1,"column":22}},"1":{"start":{"line":3,"column":13},"end":{"line":12,"column":3}}},"fnMap":{},"branchMap":{},"s":{"0":1,"1":1},"f":{},"b":{}}
,"/Users/o_yutthapichai.c/Documents/fwd-test/server/src/services/index.ts": {"path":"/Users/o_yutthapichai.c/Documents/fwd-test/server/src/services/index.ts","statementMap":{"0":{"start":{"line":8,"column":0},"end":{"line":8,"column":46}},"1":{"start":{"line":9,"column":0},"end":{"line":9,"column":30}},"2":{"start":{"line":10,"column":0},"end":{"line":10,"column":64}},"3":{"start":{"line":17,"column":4},"end":{"line":17,"column":31}},"4":{"start":{"line":18,"column":4},"end":{"line":18,"column":37}},"5":{"start":{"line":22,"column":16},"end":{"line":22,"column":66}},"6":{"start":{"line":24,"column":4},"end":{"line":30,"column":5}},"7":{"start":{"line":25,"column":6},"end":{"line":29,"column":8}},"8":{"start":{"line":32,"column":21},"end":{"line":32,"column":35}},"9":{"start":{"line":33,"column":21},"end":{"line":33,"column":27}},"10":{"start":{"line":35,"column":4},"end":{"line":71,"column":5}},"11":{"start":{"line":36,"column":25},"end":{"line":36,"column":55}},"12":{"start":{"line":38,"column":6},"end":{"line":45,"column":7}},"13":{"start":{"line":39,"column":8},"end":{"line":39,"column":39}},"14":{"start":{"line":40,"column":8},"end":{"line":44,"column":10}},"15":{"start":{"line":47,"column":20},"end":{"line":49,"column":8}},"16":{"start":{"line":48,"column":8},"end":{"line":48,"column":39}},"17":{"start":{"line":51,"column":25},"end":{"line":51,"column":53}},"18":{"start":{"line":53,"column":6},"end":{"line":58,"column":8}},"19":{"start":{"line":60,"column":6},"end":{"line":64,"column":8}},"20":{"start":{"line":66,"column":6},"end":{"line":70,"column":8}},"21":{"start":{"line":77,"column":16},"end":{"line":77,"column":67}},"22":{"start":{"line":79,"column":4},"end":{"line":85,"column":5}},"23":{"start":{"line":80,"column":6},"end":{"line":84,"column":8}},"24":{"start":{"line":87,"column":4},"end":{"line":133,"column":5}},"25":{"start":{"line":88,"column":26},"end":{"line":96,"column":10}},"26":{"start":{"line":95,"column":10},"end":{"line":95,"column":31}},"27":{"start":{"line":98,"column":6},"end":{"line":124,"column":7}},"28":{"start":{"line":99,"column":30},"end":{"line":114,"column":10}},"29":{"start":{"line":117,"column":8},"end":{"line":117,"column":53}},"30":{"start":{"line":119,"column":8},"end":{"line":123,"column":10}},"31":{"start":{"line":126,"column":6},"end":{"line":126,"column":25}},"32":{"start":{"line":128,"column":6},"end":{"line":132,"column":8}},"33":{"start":{"line":137,"column":21},"end":{"line":137,"column":43}},"34":{"start":{"line":138,"column":21},"end":{"line":138,"column":27}},"35":{"start":{"line":140,"column":23},"end":{"line":140,"column":53}},"36":{"start":{"line":142,"column":4},"end":{"line":171,"column":5}},"37":{"start":{"line":143,"column":6},"end":{"line":150,"column":7}},"38":{"start":{"line":144,"column":8},"end":{"line":144,"column":39}},"39":{"start":{"line":145,"column":8},"end":{"line":149,"column":10}},"40":{"start":{"line":152,"column":29},"end":{"line":156,"column":8}},"41":{"start":{"line":158,"column":6},"end":{"line":158,"column":85}},"42":{"start":{"line":160,"column":6},"end":{"line":164,"column":8}},"43":{"start":{"line":166,"column":6},"end":{"line":170,"column":8}},"44":{"start":{"line":175,"column":21},"end":{"line":175,"column":23}},"45":{"start":{"line":177,"column":4},"end":{"line":204,"column":5}},"46":{"start":{"line":178,"column":6},"end":{"line":197,"column":7}},"47":{"start":{"line":179,"column":8},"end":{"line":196,"column":10}},"48":{"start":{"line":199,"column":22},"end":{"line":199,"column":51}},"49":{"start":{"line":201,"column":6},"end":{"line":201,"column":21}},"50":{"start":{"line":203,"column":6},"end":{"line":203,"column":18}},"51":{"start":{"line":12,"column":0},"end":{"line":12,"column":13}}},"fnMap":{"0":{"name":"(anonymous_17)","decl":{"start":{"line":16,"column":2},"end":{"line":16,"column":null}},"loc":{"start":{"line":16,"column":2},"end":{"line":19,"column":3}}},"1":{"name":"(anonymous_18)","decl":{"start":{"line":21,"column":8},"end":{"line":21,"column":19}},"loc":{"start":{"line":21,"column":19},"end":{"line":72,"column":null}}},"2":{"name":"(anonymous_20)","decl":{"start":{"line":47,"column":46},"end":{"line":47,"column":47}},"loc":{"start":{"line":47,"column":59},"end":{"line":49,"column":7}}},"3":{"name":"(anonymous_21)","decl":{"start":{"line":74,"column":8},"end":{"line":74,"column":24}},"loc":{"start":{"line":75,"column":36},"end":{"line":134,"column":null}}},"4":{"name":"(anonymous_23)","decl":{"start":{"line":94,"column":14},"end":{"line":94,"column":15}},"loc":{"start":{"line":94,"column":27},"end":{"line":96,"column":9}}},"5":{"name":"(anonymous_24)","decl":{"start":{"line":136,"column":8},"end":{"line":136,"column":22}},"loc":{"start":{"line":136,"column":22},"end":{"line":172,"column":null}}},"6":{"name":"(anonymous_26)","decl":{"start":{"line":174,"column":16},"end":{"line":174,"column":26}},"loc":{"start":{"line":174,"column":40},"end":{"line":205,"column":null}}}},"branchMap":{"0":{"loc":{"start":{"line":22,"column":16},"end":{"line":22,"column":66}},"type":"binary-expr","locations":[{"start":{"line":22,"column":16},"end":{"line":22,"column":53}},{"start":{"line":22,"column":57},"end":{"line":22,"column":66}}]},"1":{"loc":{"start":{"line":24,"column":4},"end":{"line":30,"column":5}},"type":"if","locations":[{"start":{"line":24,"column":4},"end":{"line":30,"column":5}}]},"2":{"loc":{"start":{"line":38,"column":6},"end":{"line":45,"column":7}},"type":"if","locations":[{"start":{"line":38,"column":6},"end":{"line":45,"column":7}}]},"3":{"loc":{"start":{"line":77,"column":16},"end":{"line":77,"column":67}},"type":"binary-expr","locations":[{"start":{"line":77,"column":16},"end":{"line":77,"column":61}},{"start":{"line":77,"column":65},"end":{"line":77,"column":67}}]},"4":{"loc":{"start":{"line":79,"column":4},"end":{"line":85,"column":5}},"type":"if","locations":[{"start":{"line":79,"column":4},"end":{"line":85,"column":5}}]},"5":{"loc":{"start":{"line":98,"column":6},"end":{"line":124,"column":7}},"type":"if","locations":[{"start":{"line":98,"column":6},"end":{"line":124,"column":7}}]},"6":{"loc":{"start":{"line":102,"column":22},"end":{"line":102,"column":37}},"type":"cond-expr","locations":[{"start":{"line":102,"column":27},"end":{"line":102,"column":29}},{"start":{"line":102,"column":22},"end":{"line":102,"column":37}}]},"7":{"loc":{"start":{"line":102,"column":22},"end":{"line":102,"column":29}},"type":"binary-expr","locations":[{"start":{"line":102,"column":22},"end":{"line":102,"column":29}},{"start":{"line":102,"column":22},"end":{"line":102,"column":29}}]},"8":{"loc":{"start":{"line":143,"column":6},"end":{"line":150,"column":7}},"type":"if","locations":[{"start":{"line":143,"column":6},"end":{"line":150,"column":7}}]},"9":{"loc":{"start":{"line":182,"column":24},"end":{"line":182,"column":38}},"type":"cond-expr","locations":[{"start":{"line":182,"column":28},"end":{"line":182,"column":30}},{"start":{"line":182,"column":24},"end":{"line":182,"column":38}}]},"10":{"loc":{"start":{"line":182,"column":24},"end":{"line":182,"column":30}},"type":"binary-expr","locations":[{"start":{"line":182,"column":24},"end":{"line":182,"column":30}},{"start":{"line":182,"column":24},"end":{"line":182,"column":30}}]}},"s":{"0":1,"1":1,"2":1,"3":1,"4":1,"5":1,"6":1,"7":0,"8":1,"9":1,"10":1,"11":1,"12":1,"13":0,"14":0,"15":1,"16":1,"17":1,"18":1,"19":1,"20":0,"21":1,"22":1,"23":0,"24":1,"25":1,"26":1,"27":1,"28":1,"29":1,"30":1,"31":0,"32":0,"33":1,"34":1,"35":1,"36":1,"37":1,"38":0,"39":0,"40":1,"41":1,"42":1,"43":0,"44":1,"45":1,"46":1,"47":3,"48":1,"49":1,"50":0,"51":1},"f":{"0":1,"1":1,"2":1,"3":1,"4":1,"5":1,"6":1},"b":{"0":[1,0],"1":[0],"2":[0],"3":[1,0],"4":[0],"5":[1],"6":[0,1],"7":[1,1],"8":[0],"9":[0,3],"10":[3,3]}}
}
