TN:
SF:src/index.ts
FN:19,(anonymous_1)
FNF:1
FNH:1
FNDA:1,(anonymous_1)
DA:1,1
DA:2,1
DA:3,1
DA:4,1
DA:6,1
DA:7,1
DA:9,1
DA:10,1
DA:12,1
DA:13,1
DA:17,1
DA:19,1
DA:20,1
DA:23,1
LF:14
LH:14
BRDA:6,0,0,1
BRDA:6,0,1,0
BRDA:7,1,0,1
BRDA:7,1,1,1
BRF:4
BRH:3
end_of_record
TN:
SF:src/common/prisma/prisma.service.ts
FN:4,(anonymous_7)
FN:8,(anonymous_8)
FN:12,(anonymous_10)
FNF:3
FNH:1
FNDA:1,(anonymous_7)
FNDA:0,(anonymous_8)
FNDA:0,(anonymous_10)
DA:1,1
DA:3,1
DA:5,1
DA:9,0
DA:13,0
LF:5
LH:3
BRF:0
BRH:0
end_of_record
TN:
SF:src/routes/api.ts
FN:19,(anonymous_8)
FN:19,(anonymous_9)
FN:32,(anonymous_10)
FN:32,(anonymous_11)
FN:53,(anonymous_12)
FN:53,(anonymous_13)
FNF:6
FNH:6
FNDA:1,(anonymous_8)
FNDA:1,(anonymous_9)
FNDA:1,(anonymous_10)
FNDA:1,(anonymous_11)
FNDA:1,(anonymous_12)
FNDA:1,(anonymous_13)
DA:1,1
DA:2,1
DA:3,1
DA:5,1
DA:7,1
DA:8,1
DA:9,1
DA:17,1
DA:19,1
DA:20,1
DA:22,1
DA:23,0
DA:24,0
DA:26,1
DA:29,1
DA:32,1
DA:33,1
DA:34,1
DA:39,1
DA:41,1
DA:42,0
DA:43,0
DA:45,1
DA:47,0
DA:48,0
DA:53,1
DA:55,1
DA:57,1
DA:58,0
DA:59,0
DA:61,1
LF:31
LH:23
BRDA:22,0,0,0
BRDA:41,1,0,0
BRDA:57,2,0,0
BRF:3
BRH:0
end_of_record
TN:
SF:src/schema/index.ts
FNF:0
FNH:0
DA:1,1
DA:3,1
LF:2
LH:2
BRF:0
BRH:0
end_of_record
TN:
SF:src/services/index.ts
FN:16,(anonymous_17)
FN:21,(anonymous_18)
FN:47,(anonymous_20)
FN:74,(anonymous_21)
FN:94,(anonymous_23)
FN:136,(anonymous_24)
FN:174,(anonymous_26)
FNF:7
FNH:7
FNDA:1,(anonymous_17)
FNDA:1,(anonymous_18)
FNDA:1,(anonymous_20)
FNDA:1,(anonymous_21)
FNDA:1,(anonymous_23)
FNDA:1,(anonymous_24)
FNDA:1,(anonymous_26)
DA:8,1
DA:9,1
DA:10,1
DA:12,1
DA:17,1
DA:18,1
DA:22,1
DA:24,1
DA:25,0
DA:32,1
DA:33,1
DA:35,1
DA:36,1
DA:38,1
DA:39,0
DA:40,0
DA:47,1
DA:48,1
DA:51,1
DA:53,1
DA:60,1
DA:66,0
DA:77,1
DA:79,1
DA:80,0
DA:87,1
DA:88,1
DA:95,1
DA:98,1
DA:99,1
DA:117,1
DA:119,1
DA:126,0
DA:128,0
DA:137,1
DA:138,1
DA:140,1
DA:142,1
DA:143,1
DA:144,0
DA:145,0
DA:152,1
DA:158,1
DA:160,1
DA:166,0
DA:175,1
DA:177,1
DA:178,1
DA:179,3
DA:199,1
DA:201,1
DA:203,0
LF:52
LH:41
BRDA:22,0,0,1
BRDA:22,0,1,0
BRDA:24,1,0,0
BRDA:38,2,0,0
BRDA:77,3,0,1
BRDA:77,3,1,0
BRDA:79,4,0,0
BRDA:98,5,0,1
BRDA:102,6,0,0
BRDA:102,6,1,1
BRDA:102,7,0,1
BRDA:102,7,1,1
BRDA:143,8,0,0
BRDA:182,9,0,0
BRDA:182,9,1,3
BRDA:182,10,0,3
BRDA:182,10,1,3
BRF:17
BRH:9
end_of_record
